Arguments: 
  H:\Node\node.exe C:\Users\11848\AppData\Roaming\npm\node_modules\yarn\bin\yarn.js add vue/cli

PATH: 
  H:\jdk16\bin;C:/Windows/System32;H:\Git\cmd;H:\TortoiseGit\bin;C:\Program Files\NVIDIA Corporation\NVIDIA NvDLISR;H:\Node\;C:\Users\11848\AppData\Local\Microsoft\WindowsApps;;H:\Microsoft VS Code\bin;C:\Users\11848\AppData\Roaming\npm;H:\WebStorm 2021.2.1\bin;

Yarn version: 
  1.22.11

Node version: 
  14.17.0

Platform: 
  win32 x64

Trace: 
  Error: read ECONNRESET
      at TLSWrap.onStreamRead (internal/stream_base_commons.js:209:20)

npm manifest: 
  {
    "name": "familydoctorcontractsystem",
    "version": "1.0.0",
    "description": "for Family doctor contract system",
    "main": "index.js",
    "scripts": {
      "test": "echo \"Error: no test specified\" && exit 1"
    },
    "author": "sherri xiao",
    "license": "ISC",
    "dependencies": {
      "vue": "^2.6.14"
    }
  }

yarn manifest: 
  No manifest

Lockfile: 
  # THIS IS AN AUTOGENERATED FILE. DO NOT EDIT THIS FILE DIRECTLY.
  # yarn lockfile v1
  
  
  vue@^2.6.14:
    version "2.6.14"
    resolved "https://registry.npmmirror.com/vue/download/vue-2.6.14.tgz?cache=0&sync_timestamp=1633712767060&other_urls=https%3A%2F%2Fregistry.npmmirror.com%2Fvue%2Fdownload%2Fvue-2.6.14.tgz#e51aa5250250d569a3fbad3a8a5a687d6036e235"
    integrity sha1-5RqlJQJQ1Wmj+606ilpofWA24jU=
